<?xml version="1.0" encoding="UTF-8"?>
<testsuites>
    <testsuite name="force.apex" timestamp="2024-06-27T03:09:53.000Z" hostname="https://fun-business-230-dev-ed.scratch.my.salesforce.com" tests="2" failures="0"  errors="0"  time="0.48">
        <properties>
            <property name="outcome" value="Successful"/>
            <property name="testsRan" value="2"/>
            <property name="passing" value="2"/>
            <property name="failing" value="0"/>
            <property name="skipped" value="0"/>
            <property name="passRate" value="100%"/>
            <property name="failRate" value="0%"/>
            <property name="testStartTime" value="Wed Jun 26 2024 10:09:53 PM"/>
            <property name="testExecutionTime" value="0.48 s"/>
            <property name="testTotalTime" value="0.48 s"/>
            <property name="commandTime" value="0.19 s"/>
            <property name="hostname" value="https://fun-business-230-dev-ed.scratch.my.salesforce.com"/>
            <property name="orgId" value="00DOz000002ezurMAA"/>
            <property name="username" value="test-wr3teizpb1qx@example.com"/>
            <property name="testRunId" value="707Oz00000La1Ph"/>
            <property name="userId" value="005Oz000006BcRVIA0"/>
        </properties>
        <testcase name="testCreateNewAccount_ErrorHandling" classname="AccountInsertionTest" time="0.37">
        </testcase>
        <testcase name="testCreateNewAccount_Success" classname="AccountInsertionTest" time="0.11">
        </testcase>
    </testsuite>
</testsuites>
